0 info it worked if it ends with ok
1 verbose cli [ 'D:\\Program Files\\nodejs\\node.exe',
1 verbose cli   'D:\\Program Files\\nodejs\\node_modules\\npm\\bin\\npm-cli.js',
1 verbose cli   'run',
1 verbose cli   'dev' ]
2 info using npm@3.10.10
3 info using node@v6.11.4
4 verbose run-script [ 'predev', 'dev', 'postdev' ]
5 info lifecycle pet-shop@1.0.0~predev: pet-shop@1.0.0
6 silly lifecycle pet-shop@1.0.0~predev: no script for predev, continuing
7 info lifecycle pet-shop@1.0.0~dev: pet-shop@1.0.0
8 verbose lifecycle pet-shop@1.0.0~dev: unsafe-perm in lifecycle true
9 verbose lifecycle pet-shop@1.0.0~dev: PATH: D:\Program Files\nodejs\node_modules\npm\bin\node-gyp-bin;C:\Users\Mārtiņš\PhpstormProjects\Blockchain\node_modules\.bin;C:\ProgramData\Oracle\Java\javapath;C:\WINDOWS\system32;C:\WINDOWS;C:\WINDOWS\System32\Wbem;C:\WINDOWS\System32\WindowsPowerShell\v1.0\;C:\Program Files (x86)\Skype\Phone\;D:\xampp\php;C:\ProgramData\ComposerSetup\bin;D:\Program Files\nodejs\;C:\Program Files (x86)\NVIDIA Corporation\PhysX\Common;C:\WINDOWS\system32;C:\WINDOWS;C:\WINDOWS\System32\Wbem;C:\WINDOWS\System32\WindowsPowerShell\v1.0\;D:\Program Files\PuTTY\;C:\WINDOWS\System32\OpenSSH\;D:\Program Files\Git\cmd;C:\Program Files\Geth;C:\Users\Mārtiņš\AppData\Local\Microsoft\WindowsApps;C:\Users\Mārtiņš\AppData\Roaming\Composer\vendor\bin;C:\Users\Mārtiņš\AppData\Roaming\npm;
10 verbose lifecycle pet-shop@1.0.0~dev: CWD: C:\Users\Mārtiņš\PhpstormProjects\Blockchain
11 silly lifecycle pet-shop@1.0.0~dev: Args: [ '/d /s /c', 'lite-server' ]
12 verbose stack Error: kill ENOSYS
12 verbose stack     at Object.exports._errnoException (util.js:1020:11)
12 verbose stack     at process.kill (internal/process.js:191:18)
12 verbose stack     at process.listener (D:\Program Files\nodejs\node_modules\npm\node_modules\npmlog\node_modules\gauge\node_modules\signal-exit\index.js:86:15)
12 verbose stack     at emitNone (events.js:91:20)
12 verbose stack     at process.emit (events.js:185:7)
12 verbose stack     at processEmit (D:\Program Files\nodejs\node_modules\npm\node_modules\npmlog\node_modules\gauge\node_modules\signal-exit\index.js:146:32)
12 verbose stack     at processEmit (D:\Program Files\nodejs\node_modules\npm\node_modules\npm-registry-client\node_modules\npmlog\node_modules\gauge\node_modules\signal-exit\index.js:146:32)
12 verbose stack     at Signal.wrap.onsignal (internal/process.js:217:44)
13 verbose cwd C:\Users\Mārtiņš\PhpstormProjects\Blockchain
14 error Windows_NT 10.0.17134
15 error argv "D:\\Program Files\\nodejs\\node.exe" "D:\\Program Files\\nodejs\\node_modules\\npm\\bin\\npm-cli.js" "run" "dev"
16 error node v6.11.4
17 error npm  v3.10.10
18 error code ENOSYS
19 error errno ENOSYS
20 error syscall kill
21 error kill ENOSYS
22 error If you need help, you may report this error at:
22 error     <https://github.com/npm/npm/issues>
23 verbose exit [ 1, true ]
